07-04 17:52:06,105[Thread-0][ConverMusicUtils:249][INFO]-pcm音频合成进度:25%
07-04 17:52:06,843[Thread-0][ConverMusicUtils:249][INFO]-pcm音频合成进度:50%
07-04 17:52:07,231[Thread-0][ConverMusicUtils:249][INFO]-pcm音频合成进度:65%
07-04 17:52:07,736[Thread-0][ConverMusicUtils:249][INFO]-pcm音频合成进度:85%
07-04 17:52:07,887[Thread-0][ConverMusicUtils:249][INFO]-pcm音频合成进度:90%
07-04 17:52:08,101[Thread-0][ConverMusicUtils:249][INFO]-pcm音频合成进度:100%
07-04 17:52:08,108[Thread-0][ConverMusicUtils:259][INFO]-*************合成成功*************
07-04 17:52:08,109[Thread-0][ConverMusicUtils:260][INFO]-合成音频生成路径：D:\develop\workspace\sxtj_thinkive-works-web\src\main\webapp\upload20190704/20190704175204.pcm
07-04 17:52:08,156[Thread-0][ConverMusicUtils:415][INFO]-PCM转换Wav完毕!
07-04 17:54:48,206[Thread-0][ConverMusicUtils:249][INFO]-pcm音频合成进度:25%
07-04 17:54:49,255[Thread-0][ConverMusicUtils:249][INFO]-pcm音频合成进度:50%
07-04 17:54:49,746[Thread-0][ConverMusicUtils:249][INFO]-pcm音频合成进度:65%
07-04 17:54:50,451[Thread-0][ConverMusicUtils:249][INFO]-pcm音频合成进度:85%
07-04 17:54:50,652[Thread-0][ConverMusicUtils:249][INFO]-pcm音频合成进度:90%
07-04 17:54:50,958[Thread-0][ConverMusicUtils:249][INFO]-pcm音频合成进度:100%
07-04 17:54:50,965[Thread-0][ConverMusicUtils:259][INFO]-*************合成成功*************
07-04 17:54:50,966[Thread-0][ConverMusicUtils:260][INFO]-合成音频生成路径：D:\develop\workspace\xunfei-demo20190704/20190704175446.pcm
07-04 17:54:51,003[Thread-0][ConverMusicUtils:415][INFO]-PCM转换Wav完毕!
07-04 17:57:25,284[Thread-0][ConverMusicUtils:249][INFO]-pcm音频合成进度:25%
07-04 17:57:26,244[Thread-0][ConverMusicUtils:249][INFO]-pcm音频合成进度:50%
07-04 17:57:26,726[Thread-0][ConverMusicUtils:249][INFO]-pcm音频合成进度:65%
07-04 17:57:27,403[Thread-0][ConverMusicUtils:249][INFO]-pcm音频合成进度:85%
07-04 17:57:27,589[Thread-0][ConverMusicUtils:249][INFO]-pcm音频合成进度:90%
07-04 17:57:27,846[Thread-0][ConverMusicUtils:249][INFO]-pcm音频合成进度:100%
07-04 17:57:27,850[Thread-0][ConverMusicUtils:259][INFO]-*************合成成功*************
07-04 17:57:27,851[Thread-0][ConverMusicUtils:260][INFO]-合成音频生成路径：D:\develop\workspace\xunfei-demo\20190704/20190704175653.pcm
07-04 17:57:27,881[Thread-0][ConverMusicUtils:415][INFO]-PCM转换Wav完毕!
07-04 17:58:41,114[Thread-0][ConverMusicUtils:249][INFO]-pcm音频合成进度:25%
07-04 17:58:41,881[Thread-0][ConverMusicUtils:249][INFO]-pcm音频合成进度:50%
07-04 17:58:42,247[Thread-0][ConverMusicUtils:249][INFO]-pcm音频合成进度:65%
07-04 17:58:42,751[Thread-0][ConverMusicUtils:249][INFO]-pcm音频合成进度:85%
07-04 17:58:42,907[Thread-0][ConverMusicUtils:249][INFO]-pcm音频合成进度:90%
07-04 17:58:43,119[Thread-0][ConverMusicUtils:249][INFO]-pcm音频合成进度:100%
07-04 17:58:43,125[Thread-0][ConverMusicUtils:259][INFO]-*************合成成功*************
07-04 17:58:43,125[Thread-0][ConverMusicUtils:260][INFO]-合成音频生成路径：D:\develop\workspace\xunfei-demo\20190704/20190704175830.pcm
07-04 17:58:43,160[Thread-0][ConverMusicUtils:415][INFO]-PCM转换Wav完毕!
07-04 18:01:01,107[Thread-0][ConverMusicUtils:249][INFO]-pcm音频合成进度:25%
07-04 18:01:01,818[Thread-0][ConverMusicUtils:249][INFO]-pcm音频合成进度:50%
07-04 18:01:02,193[Thread-0][ConverMusicUtils:249][INFO]-pcm音频合成进度:65%
07-04 18:01:02,733[Thread-0][ConverMusicUtils:249][INFO]-pcm音频合成进度:85%
07-04 18:01:02,902[Thread-0][ConverMusicUtils:249][INFO]-pcm音频合成进度:90%
07-04 18:01:03,114[Thread-0][ConverMusicUtils:249][INFO]-pcm音频合成进度:100%
07-04 18:01:03,119[Thread-0][ConverMusicUtils:259][INFO]-*************合成成功*************
07-04 18:01:03,119[Thread-0][ConverMusicUtils:260][INFO]-合成音频生成路径：D:\develop\workspace\xunfei-demo\20190704/20190704180059.pcm
07-04 18:01:03,147[Thread-0][ConverMusicUtils:415][INFO]-PCM转换Wav完毕!
07-04 18:02:28,173[Thread-0][ConverMusicUtils:249][INFO]-pcm音频合成进度:25%
07-04 18:02:28,980[Thread-0][ConverMusicUtils:249][INFO]-pcm音频合成进度:50%
07-04 18:02:29,404[Thread-0][ConverMusicUtils:249][INFO]-pcm音频合成进度:65%
07-04 18:02:29,897[Thread-0][ConverMusicUtils:249][INFO]-pcm音频合成进度:85%
07-04 18:02:30,051[Thread-0][ConverMusicUtils:249][INFO]-pcm音频合成进度:90%
07-04 18:02:30,285[Thread-0][ConverMusicUtils:249][INFO]-pcm音频合成进度:100%
07-04 18:02:30,289[Thread-0][ConverMusicUtils:259][INFO]-*************合成成功*************
07-04 18:02:30,290[Thread-0][ConverMusicUtils:260][INFO]-合成音频生成路径：D:\develop\workspace\xunfei-demo\upload\20190704/20190704180226.pcm
07-04 18:02:30,319[Thread-0][ConverMusicUtils:415][INFO]-PCM转换Wav完毕!
07-04 18:03:56,484[Thread-0][ConverMusicUtils:249][INFO]-pcm音频合成进度:25%
07-04 18:03:57,264[Thread-0][ConverMusicUtils:249][INFO]-pcm音频合成进度:50%
07-04 18:03:57,643[Thread-0][ConverMusicUtils:249][INFO]-pcm音频合成进度:65%
07-04 18:03:58,163[Thread-0][ConverMusicUtils:249][INFO]-pcm音频合成进度:85%
07-04 18:03:58,379[Thread-0][ConverMusicUtils:249][INFO]-pcm音频合成进度:90%
07-04 18:03:58,599[Thread-0][ConverMusicUtils:249][INFO]-pcm音频合成进度:100%
07-04 18:03:58,603[Thread-0][ConverMusicUtils:259][INFO]-*************合成成功*************
07-04 18:03:58,603[Thread-0][ConverMusicUtils:260][INFO]-合成音频生成路径：D:\develop\workspace\xunfei-demo/upload20190704/20190704180355.pcm
07-04 18:03:58,628[Thread-0][ConverMusicUtils:415][INFO]-PCM转换Wav完毕!
07-04 18:04:24,778[Thread-0][ConverMusicUtils:249][INFO]-pcm音频合成进度:25%
07-04 18:04:25,580[Thread-0][ConverMusicUtils:249][INFO]-pcm音频合成进度:50%
07-04 18:04:25,963[Thread-0][ConverMusicUtils:249][INFO]-pcm音频合成进度:65%
07-04 18:04:26,523[Thread-0][ConverMusicUtils:249][INFO]-pcm音频合成进度:85%
07-04 18:04:26,671[Thread-0][ConverMusicUtils:249][INFO]-pcm音频合成进度:90%
07-04 18:04:26,893[Thread-0][ConverMusicUtils:249][INFO]-pcm音频合成进度:100%
07-04 18:04:26,898[Thread-0][ConverMusicUtils:259][INFO]-*************合成成功*************
07-04 18:04:26,898[Thread-0][ConverMusicUtils:260][INFO]-合成音频生成路径：D:\develop\workspace\xunfei-demo/upload20190704/20190704180423.pcm
07-04 18:04:26,929[Thread-0][ConverMusicUtils:415][INFO]-PCM转换Wav完毕!
07-04 18:04:52,599[Thread-0][ConverMusicUtils:249][INFO]-pcm音频合成进度:25%
07-04 18:04:53,369[Thread-0][ConverMusicUtils:249][INFO]-pcm音频合成进度:50%
07-04 18:04:53,760[Thread-0][ConverMusicUtils:249][INFO]-pcm音频合成进度:65%
07-04 18:04:54,293[Thread-0][ConverMusicUtils:249][INFO]-pcm音频合成进度:85%
07-04 18:04:54,459[Thread-0][ConverMusicUtils:249][INFO]-pcm音频合成进度:90%
07-04 18:04:54,690[Thread-0][ConverMusicUtils:249][INFO]-pcm音频合成进度:100%
07-04 18:04:54,695[Thread-0][ConverMusicUtils:259][INFO]-*************合成成功*************
07-04 18:04:54,695[Thread-0][ConverMusicUtils:260][INFO]-合成音频生成路径：D:\develop\workspace\xunfei-demo/upload/20190704/20190704180451.pcm
07-04 18:04:54,721[Thread-0][ConverMusicUtils:415][INFO]-PCM转换Wav完毕!
07-04 18:07:22,188[Thread-0][ConverMusicUtils:249][INFO]-pcm音频合成进度:25%
07-04 18:07:23,152[Thread-0][ConverMusicUtils:249][INFO]-pcm音频合成进度:50%
07-04 18:07:23,647[Thread-0][ConverMusicUtils:249][INFO]-pcm音频合成进度:65%
07-04 18:07:24,354[Thread-0][ConverMusicUtils:249][INFO]-pcm音频合成进度:85%
07-04 18:07:24,572[Thread-0][ConverMusicUtils:249][INFO]-pcm音频合成进度:90%
07-04 18:07:24,845[Thread-0][ConverMusicUtils:249][INFO]-pcm音频合成进度:100%
07-04 18:07:24,850[Thread-0][ConverMusicUtils:259][INFO]-*************合成成功*************
07-04 18:07:24,850[Thread-0][ConverMusicUtils:260][INFO]-合成音频生成路径：D:\develop\workspace\xunfei-demo/upload/20190704/20190704180720.pcm
07-04 18:07:24,888[Thread-0][ConverMusicUtils:415][INFO]-PCM转换Wav完毕!
07-04 18:07:25,185[main][ConverMusicUtils:142][ERROR]-合成语音文件成功3877804
